# JRE version: Java(TM) SE Runtime Environment (8.0_05-b13) (build 1.8.0_05-b13)
# Java VM: Java HotSpot(TM) 64-Bit Server VM (25.5-b02 mixed mode windows-amd64 compressed oops)
Heap:
 PSYoungGen      total 6144K, used 2201K [0x0000000780580000, 0x0000000781000000, 0x00000007c0000000)
  eden space 4608K, 45% used [0x0000000780580000,0x0000000780786758,0x0000000780a00000)
  from space 1536K, 8% used [0x0000000780a00000,0x0000000780a20000,0x0000000780b80000)
  to   space 2048K, 0% used [0x0000000780e00000,0x0000000780e00000,0x0000000781000000)
 ParOldGen       total 195072K, used 3321K [0x0000000701000000, 0x000000070ce80000, 0x0000000780580000)
  object space 195072K, 1% used [0x0000000701000000,0x000000070133e6d0,0x000000070ce80000)
 Metaspace       used 14847K, capacity 15112K, committed 15360K, reserved 1062912K
  class space    used 1856K, capacity 1923K, committed 2048K, reserved 1048576K
GC Heap History (10 events):
Event: 0.399 GC heap before
{Heap before GC invocations=8 (full 1):
 PSYoungGen      total 2048K, used 2048K [0x0000000780580000, 0x0000000780b80000, 0x00000007c0000000)
  eden space 1536K, 100% used [0x0000000780580000,0x0000000780700000,0x0000000780700000)
  from space 512K, 100% used [0x0000000780800000,0x0000000780880000,0x0000000780880000)
  to   space 1024K, 0% used [0x0000000780700000,0x0000000780700000,0x0000000780800000)
 ParOldGen       total 195072K, used 1315K [0x0000000701000000, 0x000000070ce80000, 0x0000000780580000)
  object space 195072K, 0% used [0x0000000701000000,0x0000000701148d00,0x000000070ce80000)
 Metaspace       used 8915K, capacity 9064K, committed 9344K, reserved 1056768K
  class space    used 1071K, capacity 1110K, committed 1152K, reserved 1048576K
Event: 0.417 GC heap after
Heap after GC invocations=8 (full 1):
 PSYoungGen      total 2560K, used 864K [0x0000000780580000, 0x0000000780a80000, 0x00000007c0000000)
  eden space 1536K, 0% used [0x0000000780580000,0x0000000780580000,0x0000000780700000)
  from space 1024K, 84% used [0x0000000780700000,0x00000007807d8000,0x0000000780800000)
  to   space 1024K, 0% used [0x0000000780980000,0x0000000780980000,0x0000000780a80000)
 ParOldGen       total 195072K, used 1323K [0x0000000701000000, 0x000000070ce80000, 0x0000000780580000)
  object space 195072K, 0% used [0x0000000701000000,0x000000070114ad00,0x000000070ce80000)
 Metaspace       used 8915K, capacity 9064K, committed 9344K, reserved 1056768K
  class space    used 1071K, capacity 1110K, committed 1152K, reserved 1048576K
}
Event: 0.489 GC heap before
{Heap before GC invocations=9 (full 1):
 PSYoungGen      total 2560K, used 2399K [0x0000000780580000, 0x0000000780a80000, 0x00000007c0000000)
  eden space 1536K, 99% used [0x0000000780580000,0x00000007806fffc0,0x0000000780700000)
  from space 1024K, 84% used [0x0000000780700000,0x00000007807d8000,0x0000000780800000)
  to   space 1024K, 0% used [0x0000000780980000,0x0000000780980000,0x0000000780a80000)
 ParOldGen       total 195072K, used 1323K [0x0000000701000000, 0x000000070ce80000, 0x0000000780580000)
  object space 195072K, 0% used [0x0000000701000000,0x000000070114ad00,0x000000070ce80000)
 Metaspace       used 12223K, capacity 12496K, committed 12672K, reserved 1060864K
  class space    used 1571K, capacity 1631K, committed 1664K, reserved 1048576K
Event: 0.502 GC heap after
Heap after GC invocations=9 (full 1):
 PSYoungGen      total 3584K, used 1024K [0x0000000780580000, 0x0000000780b80000, 0x00000007c0000000)
  eden space 2560K, 0% used [0x0000000780580000,0x0000000780580000,0x0000000780800000)
  from space 1024K, 100% used [0x0000000780980000,0x0000000780a80000,0x0000000780a80000)
  to   space 1536K, 0% used [0x0000000780800000,0x0000000780800000,0x0000000780980000)
 ParOldGen       total 195072K, used 1763K [0x0000000701000000, 0x000000070ce80000, 0x0000000780580000)
  object space 195072K, 0% used [0x0000000701000000,0x00000007011b8d00,0x000000070ce80000)
 Metaspace       used 12223K, capacity 12496K, committed 12672K, reserved 1060864K
  class space    used 1571K, capacity 1631K, committed 1664K, reserved 1048576K
}
Event: 3.274 GC heap before
{Heap before GC invocations=10 (full 1):
 PSYoungGen      total 3584K, used 3584K [0x0000000780580000, 0x0000000780b80000, 0x00000007c0000000)
  eden space 2560K, 100% used [0x0000000780580000,0x0000000780800000,0x0000000780800000)
  from space 1024K, 100% used [0x0000000780980000,0x0000000780a80000,0x0000000780a80000)
  to   space 1536K, 0% used [0x0000000780800000,0x0000000780800000,0x0000000780980000)
 ParOldGen       total 195072K, used 1763K [0x0000000701000000, 0x000000070ce80000, 0x0000000780580000)
  object space 195072K, 0% used [0x0000000701000000,0x00000007011b8d00,0x000000070ce80000)
 Metaspace       used 14515K, capacity 14792K, committed 15104K, reserved 1062912K
  class space    used 1855K, capacity 1923K, committed 2048K, reserved 1048576K
Event: 3.281 GC heap after
Heap after GC invocations=10 (full 1):
 PSYoungGen      total 4096K, used 1536K [0x0000000780580000, 0x0000000780d80000, 0x00000007c0000000)
  eden space 2560K, 0% used [0x0000000780580000,0x0000000780580000,0x0000000780800000)
  from space 1536K, 100% used [0x0000000780800000,0x0000000780980000,0x0000000780980000)
  to   space 1536K, 0% used [0x0000000780c00000,0x0000000780c00000,0x0000000780d80000)
 ParOldGen       total 195072K, used 1795K [0x0000000701000000, 0x000000070ce80000, 0x0000000780580000)
  object space 195072K, 0% used [0x0000000701000000,0x00000007011c0d00,0x000000070ce80000)
 Metaspace       used 14515K, capacity 14792K, committed 15104K, reserved 1062912K
  class space    used 1855K, capacity 1923K, committed 2048K, reserved 1048576K
}
Event: 5.356 GC heap before
{Heap before GC invocations=11 (full 1):
 PSYoungGen      total 4096K, used 4096K [0x0000000780580000, 0x0000000780d80000, 0x00000007c0000000)
  eden space 2560K, 100% used [0x0000000780580000,0x0000000780800000,0x0000000780800000)
  from space 1536K, 100% used [0x0000000780800000,0x0000000780980000,0x0000000780980000)
  to   space 1536K, 0% used [0x0000000780c00000,0x0000000780c00000,0x0000000780d80000)
 ParOldGen       total 195072K, used 1795K [0x0000000701000000, 0x000000070ce80000, 0x0000000780580000)
  object space 195072K, 0% used [0x0000000701000000,0x00000007011c0d00,0x000000070ce80000)
 Metaspace       used 14631K, capacity 14920K, committed 15360K, reserved 1062912K
  class space    used 1855K, capacity 1923K, committed 2048K, reserved 1048576K
Event: 5.360 GC heap after
Heap after GC invocations=11 (full 1):
 PSYoungGen      total 5120K, used 1024K [0x0000000780580000, 0x0000000780d00000, 0x00000007c0000000)
  eden space 4096K, 0% used [0x0000000780580000,0x0000000780580000,0x0000000780980000)
  from space 1024K, 100% used [0x0000000780c00000,0x0000000780d00000,0x0000000780d00000)
  to   space 1536K, 0% used [0x0000000780a00000,0x0000000780a00000,0x0000000780b80000)
 ParOldGen       total 195072K, used 2355K [0x0000000701000000, 0x000000070ce80000, 0x0000000780580000)
  object space 195072K, 1% used [0x0000000701000000,0x000000070124ce00,0x000000070ce80000)
 Metaspace       used 14631K, capacity 14920K, committed 15360K, reserved 1062912K
  class space    used 1855K, capacity 1923K, committed 2048K, reserved 1048576K
}
Event: 8.865 GC heap before
{Heap before GC invocations=12 (full 1):
 PSYoungGen      total 5120K, used 5120K [0x0000000780580000, 0x0000000780d00000, 0x00000007c0000000)
  eden space 4096K, 100% used [0x0000000780580000,0x0000000780980000,0x0000000780980000)
  from space 1024K, 100% used [0x0000000780c00000,0x0000000780d00000,0x0000000780d00000)
  to   space 1536K, 0% used [0x0000000780a00000,0x0000000780a00000,0x0000000780b80000)
 ParOldGen       total 195072K, used 2355K [0x0000000701000000, 0x000000070ce80000, 0x0000000780580000)
  object space 195072K, 1% used [0x0000000701000000,0x000000070124ce00,0x000000070ce80000)
 Metaspace       used 14755K, capacity 15048K, committed 15360K, reserved 1062912K
  class space    used 1855K, capacity 1923K, committed 2048K, reserved 1048576K
Event: 8.866 GC heap after
Heap after GC invocations=12 (full 1):
 PSYoungGen      total 6144K, used 128K [0x0000000780580000, 0x0000000781000000, 0x00000007c0000000)
  eden space 4608K, 0% used [0x0000000780580000,0x0000000780580000,0x0000000780a00000)
  from space 1536K, 8% used [0x0000000780a00000,0x0000000780a20000,0x0000000780b80000)
  to   space 2048K, 0% used [0x0000000780e00000,0x0000000780e00000,0x0000000781000000)
 ParOldGen       total 195072K, used 3321K [0x0000000701000000, 0x000000070ce80000, 0x0000000780580000)
  object space 195072K, 1% used [0x0000000701000000,0x000000070133e6d0,0x000000070ce80000)
 Metaspace       used 14755K, capacity 15048K, committed 15360K, reserved 1062912K
  class space    used 1855K, capacity 1923K, committed 2048K, reserved 1048576K
}

